{"uuid":"9c269f56-7cd6-45b6-8c3a-307425b83362","historyId":"b34e72634432c633db5a1feb1f2d90d6","fullName":"org.banking.tests.AccountApiTests.testGetAllAccounts","labels":[{"name":"package","value":"org.banking.tests.AccountApiTests"},{"name":"testClass","value":"org.banking.tests.AccountApiTests"},{"name":"testMethod","value":"testGetAllAccounts"},{"name":"parentSuite","value":"Account_API_Suite"},{"name":"suite","value":"Account_API_Tests"},{"name":"subSuite","value":"org.banking.tests.AccountApiTests"},{"name":"host","value":"EGCA2-9RRXSQ3"},{"name":"thread","value":"33136@EGCA2-9RRXSQ3.main(1)"},{"name":"framework","value":"testng"},{"name":"language","value":"java"},{"name":"story","value":"Get Accounts"},{"name":"feature","value":"Account Management"},{"name":"epic","value":"Banking API"},{"name":"severity","value":"normal"}],"links":[],"name":"testGetAllAccounts","status":"skipped","statusDetails":{"known":false,"muted":false,"flaky":false,"message":"Schema validation failed: Schema file not found: account-list-schema.json","trace":"java.lang.AssertionError: Schema validation failed: Schema file not found: account-list-schema.json\r\n\tat org.banking.utils.SchemaValidator.validateSchema(SchemaValidator.java:29)\r\n\tat org.banking.utils.SchemaValidator.validateAccountListSchema(SchemaValidator.java:50)\r\n\tat org.banking.tests.AccountApiTests.testGetAllAccounts(AccountApiTests.java:143)\r\n\tat java.base/jdk.internal.reflect.DirectMethodHandleAccessor.invoke(DirectMethodHandleAccessor.java:103)\r\n\tat java.base/java.lang.reflect.Method.invoke(Method.java:580)\r\n\tat org.testng.internal.invokers.MethodInvocationHelper.invokeMethod(MethodInvocationHelper.java:139)\r\n\tat org.testng.internal.invokers.TestInvoker.invokeMethod(TestInvoker.java:664)\r\n\tat org.testng.internal.invokers.TestInvoker.invokeTestMethod(TestInvoker.java:227)\r\n\tat org.testng.internal.invokers.MethodRunner.runInSequence(MethodRunner.java:50)\r\n\tat org.testng.internal.invokers.TestInvoker$MethodInvocationAgent.invoke(TestInvoker.java:957)\r\n\tat org.testng.internal.invokers.TestInvoker.invokeTestMethods(TestInvoker.java:200)\r\n\tat org.testng.internal.invokers.TestMethodWorker.invokeTestMethods(TestMethodWorker.java:148)\r\n\tat org.testng.internal.invokers.TestMethodWorker.run(TestMethodWorker.java:128)\r\n\tat java.base/java.util.ArrayList.forEach(ArrayList.java:1597)\r\n\tat org.testng.TestRunner.privateRun(TestRunner.java:848)\r\n\tat org.testng.TestRunner.run(TestRunner.java:621)\r\n\tat org.testng.SuiteRunner.runTest(SuiteRunner.java:443)\r\n\tat org.testng.SuiteRunner.runSequentially(SuiteRunner.java:437)\r\n\tat org.testng.SuiteRunner.privateRun(SuiteRunner.java:397)\r\n\tat org.testng.SuiteRunner.run(SuiteRunner.java:336)\r\n\tat org.testng.SuiteRunnerWorker.runSuite(SuiteRunnerWorker.java:52)\r\n\tat org.testng.SuiteRunnerWorker.run(SuiteRunnerWorker.java:95)\r\n\tat org.testng.TestNG.runSuitesSequentially(TestNG.java:1280)\r\n\tat org.testng.TestNG.runSuitesLocally(TestNG.java:1200)\r\n\tat org.testng.TestNG.runSuites(TestNG.java:1114)\r\n\tat org.testng.TestNG.run(TestNG.java:1082)\r\n\tat com.intellij.rt.testng.IDEARemoteTestNG.run(IDEARemoteTestNG.java:65)\r\n\tat com.intellij.rt.testng.RemoteTestNGStarter.main(RemoteTestNGStarter.java:105)\r\nCaused by: java.lang.RuntimeException: Schema file not found: account-list-schema.json\r\n\tat org.banking.utils.SchemaValidator.validateSchema(SchemaValidator.java:21)\r\n\t... 27 more\r\n"},"stage":"finished","description":"Test retrieving all accounts","steps":[{"name":"Get all accounts","status":"passed","stage":"finished","steps":[],"attachments":[{"name":"Request","source":"e2b3bb69-dfc1-46a5-a1b9-9e6875824dfa-attachment.html","type":"text/html"},{"name":"HTTP/1.1 200 ","source":"3aa96740-42b3-4991-98aa-cdf5855f6c89-attachment.html","type":"text/html"}],"parameters":[{"name":"requestSpec","value":"io.restassured.internal.RequestSpecificationImpl@5ea15dd4"}],"start":1758851011707,"stop":1758851011804}],"attachments":[],"parameters":[{"name":"environment","value":"test"}],"start":1758851011705,"stop":1758851011807}